2024-08-06 13:42:31,465 - INFO - Loading dataset...
2024-08-06 13:42:31,477 - INFO - Dataset loaded.
2024-08-06 13:42:31,490 - INFO - Data preprocessing completed.
2024-08-06 13:42:31,491 - ERROR - Error in main function: name 'pd' is not defined
2024-08-06 13:43:40,994 - INFO - Loading dataset...
2024-08-06 13:43:41,010 - INFO - Dataset loaded.
2024-08-06 13:43:41,016 - INFO - Data preprocessing completed.
2024-08-06 13:43:41,016 - ERROR - Error in main function: name 'pd' is not defined
2024-08-06 13:44:36,423 - INFO - Loading dataset...
2024-08-06 13:44:36,434 - INFO - Dataset loaded.
2024-08-06 13:44:36,447 - INFO - Data preprocessing completed.
2024-08-06 13:44:36,454 - INFO - Performing EDA...
2024-08-06 13:44:42,900 - INFO - EDA completed.
2024-08-06 13:44:42,900 - ERROR - Error in main function: name 'tf' is not defined
2024-08-06 13:46:04,448 - INFO - Loading dataset...
2024-08-06 13:46:04,465 - INFO - Dataset loaded.
2024-08-06 13:46:04,472 - INFO - Data preprocessing completed.
2024-08-06 13:46:04,486 - INFO - Performing EDA...
2024-08-06 13:46:08,681 - INFO - EDA completed.
2024-08-06 13:46:08,683 - ERROR - Error in main function: name 'tf' is not defined
2024-08-06 13:46:46,022 - INFO - Loading dataset...
2024-08-06 13:46:46,037 - INFO - Dataset loaded.
2024-08-06 13:46:46,043 - INFO - Data preprocessing completed.
2024-08-06 13:46:46,055 - INFO - Performing EDA...
2024-08-06 13:46:48,700 - INFO - EDA completed.
2024-08-06 13:46:48,725 - INFO - Creating model...
2024-08-06 13:46:48,727 - INFO - Model created.
2024-08-06 13:46:48,727 - INFO - Compiling model...
2024-08-06 13:46:48,761 - INFO - Model compiled.
2024-08-06 13:46:48,762 - INFO - Training model...
2024-08-06 13:46:51,841 - INFO - Model trained.
2024-08-06 13:46:51,842 - INFO - Evaluating model...
2024-08-06 13:46:51,921 - ERROR - Error in model evaluation: name 'tf' is not defined
2024-08-06 13:46:51,921 - ERROR - Error in main function: name 'tf' is not defined
2024-08-06 13:47:51,030 - INFO - Loading dataset...
2024-08-06 13:47:51,044 - INFO - Dataset loaded.
2024-08-06 13:47:51,051 - INFO - Data preprocessing completed.
2024-08-06 13:47:51,063 - INFO - Performing EDA...
2024-08-06 13:47:53,666 - INFO - EDA completed.
2024-08-06 13:47:53,681 - INFO - Creating model...
2024-08-06 13:47:53,682 - INFO - Model created.
2024-08-06 13:47:53,683 - INFO - Compiling model...
2024-08-06 13:47:53,722 - INFO - Model compiled.
2024-08-06 13:47:53,723 - INFO - Training model...
2024-08-06 13:47:56,854 - INFO - Model trained.
2024-08-06 13:47:56,854 - INFO - Evaluating model...
2024-08-06 13:47:56,934 - INFO - Model accuracy: 0.8027210884353742
2024-08-06 13:47:56,934 - INFO - Model accuracy: 0.8027210884353742
2024-08-06 13:47:56,934 - INFO - Plotting loss curves...
2024-08-06 13:51:58,739 - INFO - Loading dataset...
2024-08-06 13:51:58,754 - INFO - Dataset loaded.
2024-08-06 13:51:58,764 - INFO - Data preprocessing completed.
2024-08-06 13:51:58,775 - INFO - Performing EDA...
2024-08-06 13:52:05,004 - INFO - EDA completed.
2024-08-06 13:52:05,018 - INFO - Creating model...
2024-08-06 13:52:05,020 - INFO - Model created.
2024-08-06 13:52:05,021 - INFO - Compiling model...
2024-08-06 13:52:05,058 - INFO - Model compiled.
2024-08-06 13:52:05,059 - INFO - Training model...
2024-08-06 13:52:08,140 - INFO - Model trained.
2024-08-06 13:52:08,140 - INFO - Evaluating model...
2024-08-06 13:52:08,219 - INFO - Model accuracy: 0.8027210884353742
2024-08-06 13:52:08,220 - INFO - Model accuracy: 0.8027210884353742
2024-08-06 13:52:08,220 - INFO - Plotting loss curves...
2024-08-06 13:52:11,120 - ERROR - Error in main function: plot_learning_rate_vs_loss() missing 1 required positional argument: 'history'
2024-08-06 13:58:29,060 - INFO - Loading dataset...
2024-08-06 13:58:29,084 - INFO - Dataset loaded.
2024-08-06 13:58:29,094 - INFO - Data preprocessing completed.
2024-08-06 13:58:29,106 - INFO - Performing EDA...
2024-08-06 13:58:36,447 - INFO - EDA completed.
2024-08-06 13:58:36,560 - INFO - Creating model...
2024-08-06 13:58:36,580 - INFO - Model created.
2024-08-06 13:58:36,581 - INFO - Compiling model...
2024-08-06 13:58:36,676 - INFO - Model compiled.
2024-08-06 13:58:36,677 - INFO - Training model...
2024-08-06 13:58:42,522 - INFO - Model trained.
2024-08-06 13:58:42,522 - INFO - Evaluating model...
2024-08-06 13:58:42,604 - INFO - Model accuracy: 0.8741496598639455
2024-08-06 13:58:42,605 - INFO - Model accuracy: 0.8741496598639455
2024-08-06 13:58:42,605 - INFO - Plotting loss curves...
2024-08-06 13:58:45,615 - INFO - Plotting learning rate vs. loss...
